<?xml version="1.0" encoding="UTF-8"?>
<testsuite xmlns:xsi="http://www.w3.org/2001/XMLSchema-instance" xsi:noNamespaceSchemaLocation="https://maven.apache.org/surefire/maven-surefire-plugin/xsd/surefire-test-report-3.0.xsd" version="3.0" name="ict.minesunshineone.uid.UIDManagerTest" time="1.713" tests="2" errors="2" skipped="0" failures="0">
  <properties>
    <property name="java.specification.version" value="21"/>
    <property name="sun.cpu.isalist" value="amd64"/>
    <property name="sun.jnu.encoding" value="GBK"/>
    <property name="java.class.path" value="E:\GitHub-Repo\UID\target\test-classes;E:\GitHub-Repo\UID\target\classes;E:\maven\Repository\io\papermc\paper\paper-api\1.21.4-R0.1-SNAPSHOT\paper-api-1.21.4-R0.1-SNAPSHOT.jar;E:\maven\Repository\com\google\guava\guava\33.3.1-jre\guava-33.3.1-jre.jar;E:\maven\Repository\com\google\guava\failureaccess\1.0.2\failureaccess-1.0.2.jar;E:\maven\Repository\com\google\guava\listenablefuture\9999.0-empty-to-avoid-conflict-with-guava\listenablefuture-9999.0-empty-to-avoid-conflict-with-guava.jar;E:\maven\Repository\com\google\code\findbugs\jsr305\3.0.2\jsr305-3.0.2.jar;E:\maven\Repository\com\google\errorprone\error_prone_annotations\2.28.0\error_prone_annotations-2.28.0.jar;E:\maven\Repository\com\google\j2objc\j2objc-annotations\3.0.0\j2objc-annotations-3.0.0.jar;E:\maven\Repository\com\google\code\gson\gson\2.11.0\gson-2.11.0.jar;E:\maven\Repository\org\yaml\snakeyaml\2.2\snakeyaml-2.2.jar;E:\maven\Repository\org\joml\joml\1.10.8\joml-1.10.8.jar;E:\maven\Repository\com\googlecode\json-simple\json-simple\1.1.1\json-simple-1.1.1.jar;E:\maven\Repository\it\unimi\dsi\fastutil\8.5.15\fastutil-8.5.15.jar;E:\maven\Repository\org\apache\logging\log4j\log4j-api\2.17.1\log4j-api-2.17.1.jar;E:\maven\Repository\org\slf4j\slf4j-api\2.0.9\slf4j-api-2.0.9.jar;E:\maven\Repository\com\mojang\brigadier\1.3.10\brigadier-1.3.10.jar;E:\maven\Repository\net\md-5\bungeecord-chat\1.20-R0.2-deprecated+build.19\bungeecord-chat-1.20-R0.2-deprecated+build.19.jar;E:\maven\Repository\org\apache\maven\maven-resolver-provider\3.9.6\maven-resolver-provider-3.9.6.jar;E:\maven\Repository\org\apache\maven\maven-model\3.9.6\maven-model-3.9.6.jar;E:\maven\Repository\org\apache\maven\maven-model-builder\3.9.6\maven-model-builder-3.9.6.jar;E:\maven\Repository\org\codehaus\plexus\plexus-interpolation\1.26\plexus-interpolation-1.26.jar;E:\maven\Repository\org\apache\maven\maven-artifact\3.9.6\maven-artifact-3.9.6.jar;E:\maven\Repository\org\apache\commons\commons-lang3\3.12.0\commons-lang3-3.12.0.jar;E:\maven\Repository\org\apache\maven\maven-builder-support\3.9.6\maven-builder-support-3.9.6.jar;E:\maven\Repository\org\eclipse\sisu\org.eclipse.sisu.inject\0.9.0.M2\org.eclipse.sisu.inject-0.9.0.M2.jar;E:\maven\Repository\org\apache\maven\maven-repository-metadata\3.9.6\maven-repository-metadata-3.9.6.jar;E:\maven\Repository\org\apache\maven\resolver\maven-resolver-api\1.9.18\maven-resolver-api-1.9.18.jar;E:\maven\Repository\org\apache\maven\resolver\maven-resolver-spi\1.9.18\maven-resolver-spi-1.9.18.jar;E:\maven\Repository\org\apache\maven\resolver\maven-resolver-util\1.9.18\maven-resolver-util-1.9.18.jar;E:\maven\Repository\org\apache\maven\resolver\maven-resolver-impl\1.9.18\maven-resolver-impl-1.9.18.jar;E:\maven\Repository\org\apache\maven\resolver\maven-resolver-named-locks\1.9.18\maven-resolver-named-locks-1.9.18.jar;E:\maven\Repository\org\codehaus\plexus\plexus-utils\3.5.1\plexus-utils-3.5.1.jar;E:\maven\Repository\javax\inject\javax.inject\1\javax.inject-1.jar;E:\maven\Repository\org\jspecify\jspecify\1.0.0\jspecify-1.0.0.jar;E:\maven\Repository\net\kyori\adventure-api\4.17.0\adventure-api-4.17.0.jar;E:\maven\Repository\net\kyori\adventure-key\4.17.0\adventure-key-4.17.0.jar;E:\maven\Repository\net\kyori\examination-api\1.3.0\examination-api-1.3.0.jar;E:\maven\Repository\net\kyori\examination-string\1.3.0\examination-string-1.3.0.jar;E:\maven\Repository\net\kyori\adventure-text-minimessage\4.17.0\adventure-text-minimessage-4.17.0.jar;E:\maven\Repository\net\kyori\adventure-text-serializer-gson\4.17.0\adventure-text-serializer-gson-4.17.0.jar;E:\maven\Repository\net\kyori\adventure-text-serializer-json\4.17.0\adventure-text-serializer-json-4.17.0.jar;E:\maven\Repository\net\kyori\option\1.0.0\option-1.0.0.jar;E:\maven\Repository\com\google\auto\service\auto-service-annotations\1.1.1\auto-service-annotations-1.1.1.jar;E:\maven\Repository\net\kyori\adventure-text-serializer-legacy\4.17.0\adventure-text-serializer-legacy-4.17.0.jar;E:\maven\Repository\net\kyori\adventure-text-serializer-plain\4.17.0\adventure-text-serializer-plain-4.17.0.jar;E:\maven\Repository\net\kyori\adventure-text-logger-slf4j\4.17.0\adventure-text-logger-slf4j-4.17.0.jar;E:\maven\Repository\org\checkerframework\checker-qual\3.33.0\checker-qual-3.33.0.jar;E:\maven\Repository\org\ow2\asm\asm\9.7.1\asm-9.7.1.jar;E:\maven\Repository\org\ow2\asm\asm-commons\9.7.1\asm-commons-9.7.1.jar;E:\maven\Repository\org\ow2\asm\asm-tree\9.7.1\asm-tree-9.7.1.jar;E:\maven\Repository\com\zaxxer\HikariCP\5.1.0\HikariCP-5.1.0.jar;E:\maven\Repository\com\mysql\mysql-connector-j\8.0.33\mysql-connector-j-8.0.33.jar;E:\maven\Repository\com\google\protobuf\protobuf-java\3.21.9\protobuf-java-3.21.9.jar;E:\maven\Repository\org\projectlombok\lombok\1.18.30\lombok-1.18.30.jar;E:\maven\Repository\org\junit\jupiter\junit-jupiter\5.10.1\junit-jupiter-5.10.1.jar;E:\maven\Repository\org\junit\jupiter\junit-jupiter-api\5.10.1\junit-jupiter-api-5.10.1.jar;E:\maven\Repository\org\opentest4j\opentest4j\1.3.0\opentest4j-1.3.0.jar;E:\maven\Repository\org\junit\platform\junit-platform-commons\1.10.1\junit-platform-commons-1.10.1.jar;E:\maven\Repository\org\apiguardian\apiguardian-api\1.1.2\apiguardian-api-1.1.2.jar;E:\maven\Repository\org\junit\jupiter\junit-jupiter-params\5.10.1\junit-jupiter-params-5.10.1.jar;E:\maven\Repository\org\junit\jupiter\junit-jupiter-engine\5.10.1\junit-jupiter-engine-5.10.1.jar;E:\maven\Repository\org\junit\platform\junit-platform-engine\1.10.1\junit-platform-engine-1.10.1.jar;E:\maven\Repository\org\mockito\mockito-core\5.8.0\mockito-core-5.8.0.jar;E:\maven\Repository\net\bytebuddy\byte-buddy\1.14.10\byte-buddy-1.14.10.jar;E:\maven\Repository\net\bytebuddy\byte-buddy-agent\1.14.10\byte-buddy-agent-1.14.10.jar;E:\maven\Repository\org\objenesis\objenesis\3.3\objenesis-3.3.jar;E:\maven\Repository\org\mockito\mockito-junit-jupiter\5.8.0\mockito-junit-jupiter-5.8.0.jar;E:\maven\Repository\me\clip\placeholderapi\2.11.6\placeholderapi-2.11.6.jar;E:\maven\Repository\org\jetbrains\annotations\23.0.0\annotations-23.0.0.jar;E:\maven\Repository\org\bstats\bstats-bukkit\3.0.1\bstats-bukkit-3.0.1.jar;E:\maven\Repository\org\bstats\bstats-base\3.0.1\bstats-base-3.0.1.jar;E:\maven\Repository\net\kyori\adventure-platform-bukkit\4.3.2\adventure-platform-bukkit-4.3.2.jar;E:\maven\Repository\net\kyori\adventure-platform-api\4.3.2\adventure-platform-api-4.3.2.jar;E:\maven\Repository\net\kyori\adventure-text-serializer-bungeecord\4.3.2\adventure-text-serializer-bungeecord-4.3.2.jar;E:\maven\Repository\net\kyori\adventure-nbt\4.13.1\adventure-nbt-4.13.1.jar;E:\maven\Repository\net\kyori\adventure-text-serializer-gson-legacy-impl\4.13.1\adventure-text-serializer-gson-legacy-impl-4.13.1.jar;E:\maven\Repository\net\kyori\adventure-platform-facet\4.3.2\adventure-platform-facet-4.3.2.jar;E:\maven\Repository\net\kyori\adventure-platform-viaversion\4.3.2\adventure-platform-viaversion-4.3.2.jar;"/>
    <property name="java.vm.vendor" value="GraalVM Community"/>
    <property name="sun.arch.data.model" value="64"/>
    <property name="user.variant" value=""/>
    <property name="java.vendor.url" value="https://www.graalvm.org/"/>
    <property name="user.timezone" value="Asia/Hong_Kong"/>
    <property name="os.name" value="Windows 11"/>
    <property name="java.vm.specification.version" value="21"/>
    <property name="sun.java.launcher" value="SUN_STANDARD"/>
    <property name="user.country" value="CN"/>
    <property name="sun.boot.library.path" value="E:\JAVA\graalvm-community-openjdk-21.0.2+13.1\bin"/>
    <property name="sun.java.command" value="C:\Users\MineSunshine\AppData\Local\Temp\surefire17216519173241913220\surefirebooter-20241225220939719_3.jar C:\Users\MineSunshine\AppData\Local\Temp\surefire17216519173241913220 2024-12-25T22-09-26_014-jvmRun1 surefire-20241225220939719_1tmp surefire_0-20241225220939719_2tmp"/>
    <property name="jdk.debug" value="release"/>
    <property name="surefire.test.class.path" value="E:\GitHub-Repo\UID\target\test-classes;E:\GitHub-Repo\UID\target\classes;E:\maven\Repository\io\papermc\paper\paper-api\1.21.4-R0.1-SNAPSHOT\paper-api-1.21.4-R0.1-SNAPSHOT.jar;E:\maven\Repository\com\google\guava\guava\33.3.1-jre\guava-33.3.1-jre.jar;E:\maven\Repository\com\google\guava\failureaccess\1.0.2\failureaccess-1.0.2.jar;E:\maven\Repository\com\google\guava\listenablefuture\9999.0-empty-to-avoid-conflict-with-guava\listenablefuture-9999.0-empty-to-avoid-conflict-with-guava.jar;E:\maven\Repository\com\google\code\findbugs\jsr305\3.0.2\jsr305-3.0.2.jar;E:\maven\Repository\com\google\errorprone\error_prone_annotations\2.28.0\error_prone_annotations-2.28.0.jar;E:\maven\Repository\com\google\j2objc\j2objc-annotations\3.0.0\j2objc-annotations-3.0.0.jar;E:\maven\Repository\com\google\code\gson\gson\2.11.0\gson-2.11.0.jar;E:\maven\Repository\org\yaml\snakeyaml\2.2\snakeyaml-2.2.jar;E:\maven\Repository\org\joml\joml\1.10.8\joml-1.10.8.jar;E:\maven\Repository\com\googlecode\json-simple\json-simple\1.1.1\json-simple-1.1.1.jar;E:\maven\Repository\it\unimi\dsi\fastutil\8.5.15\fastutil-8.5.15.jar;E:\maven\Repository\org\apache\logging\log4j\log4j-api\2.17.1\log4j-api-2.17.1.jar;E:\maven\Repository\org\slf4j\slf4j-api\2.0.9\slf4j-api-2.0.9.jar;E:\maven\Repository\com\mojang\brigadier\1.3.10\brigadier-1.3.10.jar;E:\maven\Repository\net\md-5\bungeecord-chat\1.20-R0.2-deprecated+build.19\bungeecord-chat-1.20-R0.2-deprecated+build.19.jar;E:\maven\Repository\org\apache\maven\maven-resolver-provider\3.9.6\maven-resolver-provider-3.9.6.jar;E:\maven\Repository\org\apache\maven\maven-model\3.9.6\maven-model-3.9.6.jar;E:\maven\Repository\org\apache\maven\maven-model-builder\3.9.6\maven-model-builder-3.9.6.jar;E:\maven\Repository\org\codehaus\plexus\plexus-interpolation\1.26\plexus-interpolation-1.26.jar;E:\maven\Repository\org\apache\maven\maven-artifact\3.9.6\maven-artifact-3.9.6.jar;E:\maven\Repository\org\apache\commons\commons-lang3\3.12.0\commons-lang3-3.12.0.jar;E:\maven\Repository\org\apache\maven\maven-builder-support\3.9.6\maven-builder-support-3.9.6.jar;E:\maven\Repository\org\eclipse\sisu\org.eclipse.sisu.inject\0.9.0.M2\org.eclipse.sisu.inject-0.9.0.M2.jar;E:\maven\Repository\org\apache\maven\maven-repository-metadata\3.9.6\maven-repository-metadata-3.9.6.jar;E:\maven\Repository\org\apache\maven\resolver\maven-resolver-api\1.9.18\maven-resolver-api-1.9.18.jar;E:\maven\Repository\org\apache\maven\resolver\maven-resolver-spi\1.9.18\maven-resolver-spi-1.9.18.jar;E:\maven\Repository\org\apache\maven\resolver\maven-resolver-util\1.9.18\maven-resolver-util-1.9.18.jar;E:\maven\Repository\org\apache\maven\resolver\maven-resolver-impl\1.9.18\maven-resolver-impl-1.9.18.jar;E:\maven\Repository\org\apache\maven\resolver\maven-resolver-named-locks\1.9.18\maven-resolver-named-locks-1.9.18.jar;E:\maven\Repository\org\codehaus\plexus\plexus-utils\3.5.1\plexus-utils-3.5.1.jar;E:\maven\Repository\javax\inject\javax.inject\1\javax.inject-1.jar;E:\maven\Repository\org\jspecify\jspecify\1.0.0\jspecify-1.0.0.jar;E:\maven\Repository\net\kyori\adventure-api\4.17.0\adventure-api-4.17.0.jar;E:\maven\Repository\net\kyori\adventure-key\4.17.0\adventure-key-4.17.0.jar;E:\maven\Repository\net\kyori\examination-api\1.3.0\examination-api-1.3.0.jar;E:\maven\Repository\net\kyori\examination-string\1.3.0\examination-string-1.3.0.jar;E:\maven\Repository\net\kyori\adventure-text-minimessage\4.17.0\adventure-text-minimessage-4.17.0.jar;E:\maven\Repository\net\kyori\adventure-text-serializer-gson\4.17.0\adventure-text-serializer-gson-4.17.0.jar;E:\maven\Repository\net\kyori\adventure-text-serializer-json\4.17.0\adventure-text-serializer-json-4.17.0.jar;E:\maven\Repository\net\kyori\option\1.0.0\option-1.0.0.jar;E:\maven\Repository\com\google\auto\service\auto-service-annotations\1.1.1\auto-service-annotations-1.1.1.jar;E:\maven\Repository\net\kyori\adventure-text-serializer-legacy\4.17.0\adventure-text-serializer-legacy-4.17.0.jar;E:\maven\Repository\net\kyori\adventure-text-serializer-plain\4.17.0\adventure-text-serializer-plain-4.17.0.jar;E:\maven\Repository\net\kyori\adventure-text-logger-slf4j\4.17.0\adventure-text-logger-slf4j-4.17.0.jar;E:\maven\Repository\org\checkerframework\checker-qual\3.33.0\checker-qual-3.33.0.jar;E:\maven\Repository\org\ow2\asm\asm\9.7.1\asm-9.7.1.jar;E:\maven\Repository\org\ow2\asm\asm-commons\9.7.1\asm-commons-9.7.1.jar;E:\maven\Repository\org\ow2\asm\asm-tree\9.7.1\asm-tree-9.7.1.jar;E:\maven\Repository\com\zaxxer\HikariCP\5.1.0\HikariCP-5.1.0.jar;E:\maven\Repository\com\mysql\mysql-connector-j\8.0.33\mysql-connector-j-8.0.33.jar;E:\maven\Repository\com\google\protobuf\protobuf-java\3.21.9\protobuf-java-3.21.9.jar;E:\maven\Repository\org\projectlombok\lombok\1.18.30\lombok-1.18.30.jar;E:\maven\Repository\org\junit\jupiter\junit-jupiter\5.10.1\junit-jupiter-5.10.1.jar;E:\maven\Repository\org\junit\jupiter\junit-jupiter-api\5.10.1\junit-jupiter-api-5.10.1.jar;E:\maven\Repository\org\opentest4j\opentest4j\1.3.0\opentest4j-1.3.0.jar;E:\maven\Repository\org\junit\platform\junit-platform-commons\1.10.1\junit-platform-commons-1.10.1.jar;E:\maven\Repository\org\apiguardian\apiguardian-api\1.1.2\apiguardian-api-1.1.2.jar;E:\maven\Repository\org\junit\jupiter\junit-jupiter-params\5.10.1\junit-jupiter-params-5.10.1.jar;E:\maven\Repository\org\junit\jupiter\junit-jupiter-engine\5.10.1\junit-jupiter-engine-5.10.1.jar;E:\maven\Repository\org\junit\platform\junit-platform-engine\1.10.1\junit-platform-engine-1.10.1.jar;E:\maven\Repository\org\mockito\mockito-core\5.8.0\mockito-core-5.8.0.jar;E:\maven\Repository\net\bytebuddy\byte-buddy\1.14.10\byte-buddy-1.14.10.jar;E:\maven\Repository\net\bytebuddy\byte-buddy-agent\1.14.10\byte-buddy-agent-1.14.10.jar;E:\maven\Repository\org\objenesis\objenesis\3.3\objenesis-3.3.jar;E:\maven\Repository\org\mockito\mockito-junit-jupiter\5.8.0\mockito-junit-jupiter-5.8.0.jar;E:\maven\Repository\me\clip\placeholderapi\2.11.6\placeholderapi-2.11.6.jar;E:\maven\Repository\org\jetbrains\annotations\23.0.0\annotations-23.0.0.jar;E:\maven\Repository\org\bstats\bstats-bukkit\3.0.1\bstats-bukkit-3.0.1.jar;E:\maven\Repository\org\bstats\bstats-base\3.0.1\bstats-base-3.0.1.jar;E:\maven\Repository\net\kyori\adventure-platform-bukkit\4.3.2\adventure-platform-bukkit-4.3.2.jar;E:\maven\Repository\net\kyori\adventure-platform-api\4.3.2\adventure-platform-api-4.3.2.jar;E:\maven\Repository\net\kyori\adventure-text-serializer-bungeecord\4.3.2\adventure-text-serializer-bungeecord-4.3.2.jar;E:\maven\Repository\net\kyori\adventure-nbt\4.13.1\adventure-nbt-4.13.1.jar;E:\maven\Repository\net\kyori\adventure-text-serializer-gson-legacy-impl\4.13.1\adventure-text-serializer-gson-legacy-impl-4.13.1.jar;E:\maven\Repository\net\kyori\adventure-platform-facet\4.3.2\adventure-platform-facet-4.3.2.jar;E:\maven\Repository\net\kyori\adventure-platform-viaversion\4.3.2\adventure-platform-viaversion-4.3.2.jar;"/>
    <property name="sun.cpu.endian" value="little"/>
    <property name="user.home" value="C:\Users\MineSunshine"/>
    <property name="user.language" value="zh"/>
    <property name="java.specification.vendor" value="Oracle Corporation"/>
    <property name="java.version.date" value="2024-01-16"/>
    <property name="java.home" value="E:\JAVA\graalvm-community-openjdk-21.0.2+13.1"/>
    <property name="file.separator" value="\"/>
    <property name="basedir" value="E:\GitHub-Repo\UID"/>
    <property name="java.vm.compressedOopsMode" value="Zero based"/>
    <property name="jdk.internal.vm.ci.enabled" value="true"/>
    <property name="line.separator" value="&#10;"/>
    <property name="java.vm.specification.vendor" value="Oracle Corporation"/>
    <property name="java.specification.name" value="Java Platform API Specification"/>
    <property name="surefire.real.class.path" value="C:\Users\MineSunshine\AppData\Local\Temp\surefire17216519173241913220\surefirebooter-20241225220939719_3.jar"/>
    <property name="user.script" value=""/>
    <property name="sun.management.compiler" value="HotSpot 64-Bit Tiered Compilers"/>
    <property name="java.runtime.version" value="21.0.2+13-jvmci-23.1-b30"/>
    <property name="user.name" value="MineSunshineone"/>
    <property name="stdout.encoding" value="GBK"/>
    <property name="path.separator" value=";"/>
    <property name="os.version" value="10.0"/>
    <property name="java.runtime.name" value="OpenJDK Runtime Environment"/>
    <property name="file.encoding" value="UTF-8"/>
    <property name="java.vm.name" value="OpenJDK 64-Bit Server VM"/>
    <property name="java.vendor.version" value="GraalVM CE 21.0.2+13.1"/>
    <property name="localRepository" value="E:\maven\Repository"/>
    <property name="java.vendor.url.bug" value="https://github.com/oracle/graal/issues"/>
    <property name="java.io.tmpdir" value="C:\Users\MINESU~1\AppData\Local\Temp\"/>
    <property name="java.version" value="21.0.2"/>
    <property name="user.dir" value="E:\GitHub-Repo\UID"/>
    <property name="os.arch" value="amd64"/>
    <property name="java.vm.specification.name" value="Java Virtual Machine Specification"/>
    <property name="sun.os.patch.level" value=""/>
    <property name="native.encoding" value="GBK"/>
    <property name="java.library.path" value="E:\JAVA\graalvm-community-openjdk-21.0.2+13.1\bin;C:\Windows\Sun\Java\bin;C:\Windows\system32;C:\Windows;c:\Users\MineSunshine\AppData\Local\Programs\cursor\resources\app\bin;C:\Python312\Scripts\;C:\Python312\;C:\Windows\system32;C:\Windows;C:\Windows\System32\Wbem;C:\Windows\System32\WindowsPowerShell\v1.0\;C:\Windows\System32\OpenSSH\;C:\Program Files\NVIDIA Corporation\NVIDIA NvDLISR;C:\Program Files (x86)\NetSarang\Xshell 7\;C:\Program Files (x86)\NVIDIA Corporation\PhysX\Common;C:\Program Files\dotnet\;E:\Node\nodejs;E:\Node\nodejs\node-global;C:\Program Files (x86)\NetSarang\Xftp 7\;E:\Node\nodejs\;C:\Program Files (x86)\cloudflared\;E:\CandC++\mingw-w64-gcc-13.2-stable-r40\bin;C:\Program Files\CMake\bin;C:\Program Files (x86)\Windows Kits\10\Windows Performance Toolkit\;C:\Users\MineSunshine\AppData\Roaming\Python\Python312\Scripts;C:\Android;c:\Users\MineSunshine\AppData\Local\Programs\cursor\resources\app\bin;C:\Program Files\MySQL\MySQL Shell 8.0\bin\;C:\Users\MineSunshine\AppData\Local\Microsoft\WindowsApps;C:\Users\MineSunshine\AppData\Local\GitHubDesktop\bin;C:\mingw64\bin;C:\Program Files\Git\cmd;C:\Program Files\MySQL\MySQL Shell 8.0\bin\;C:\Users\MineSunshine\AppData\Local\Microsoft\WindowsApps;C:\Users\MineSunshine\AppData\Local\Programs\Microsoft VS Code\bin;C:\Users\MineSunshine\AppData\Local\GitHubDesktop\bin;C:\mingw64\bin;C:\Users\MineSunshine\Desktop\BBDown\ffmpeg-6.1-essentials_build\bin\BBDown.exe;C:\Users\MineSunshine\AppData\Roaming\npm;C:\Program Files (x86)\Nmap;C:\Program Files\JetBrains\IntelliJ IDEA 2024.1.4\bin;;E:\maven\apache-maven-3.9.8\bin;E:\JAVA\graalvm-ee-java17-22.3.3\bin;;C:\Program Files\cursor-id-modifier;."/>
    <property name="java.vm.info" value="mixed mode, sharing"/>
    <property name="stderr.encoding" value="GBK"/>
    <property name="java.vendor" value="GraalVM Community"/>
    <property name="java.vm.version" value="21.0.2+13-jvmci-23.1-b30"/>
    <property name="sun.io.unicode.encoding" value="UnicodeLittle"/>
    <property name="java.class.version" value="65.0"/>
  </properties>
  <testcase name="getUID_ShouldReturnCachedUID" classname="ict.minesunshineone.uid.UIDManagerTest" time="1.674">
    <error message="Cannot invoke &quot;org.bukkit.configuration.file.FileConfiguration.getLong(String, long)&quot; because the return value of &quot;ict.minesunshineone.uid.UIDPlugin.getConfig()&quot; is null" type="java.lang.NullPointerException"><![CDATA[java.lang.NullPointerException: Cannot invoke "org.bukkit.configuration.file.FileConfiguration.getLong(String, long)" because the return value of "ict.minesunshineone.uid.UIDPlugin.getConfig()" is null
	at ict.minesunshineone.uid.manager.UIDManager.<init>(UIDManager.java:45)
	at ict.minesunshineone.uid.UIDManagerTest.setUp(UIDManagerTest.java:43)
	at java.base/java.lang.reflect.Method.invoke(Method.java:580)
	at java.base/java.util.ArrayList.forEach(ArrayList.java:1596)
	at java.base/java.util.ArrayList.forEach(ArrayList.java:1596)
]]></error>
    <system-err><![CDATA[WARNING: A Java agent has been loaded dynamically (E:\maven\Repository\net\bytebuddy\byte-buddy-agent\1.14.10\byte-buddy-agent-1.14.10.jar)
WARNING: If a serviceability tool is in use, please run with -XX:+EnableDynamicAgentLoading to hide this warning
WARNING: If a serviceability tool is not in use, please run with -Djdk.instrument.traceUsage for more information
WARNING: Dynamic loading of agents will be disallowed by default in a future release
]]></system-err>
  </testcase>
  <testcase name="generateUID_ShouldCreateNewUID" classname="ict.minesunshineone.uid.UIDManagerTest" time="0.004">
    <error message="Cannot invoke &quot;org.bukkit.configuration.file.FileConfiguration.getLong(String, long)&quot; because the return value of &quot;ict.minesunshineone.uid.UIDPlugin.getConfig()&quot; is null" type="java.lang.NullPointerException"><![CDATA[java.lang.NullPointerException: Cannot invoke "org.bukkit.configuration.file.FileConfiguration.getLong(String, long)" because the return value of "ict.minesunshineone.uid.UIDPlugin.getConfig()" is null
	at ict.minesunshineone.uid.manager.UIDManager.<init>(UIDManager.java:45)
	at ict.minesunshineone.uid.UIDManagerTest.setUp(UIDManagerTest.java:43)
	at java.base/java.lang.reflect.Method.invoke(Method.java:580)
	at java.base/java.util.ArrayList.forEach(ArrayList.java:1596)
	at java.base/java.util.ArrayList.forEach(ArrayList.java:1596)
]]></error>
  </testcase>
</testsuite>